# JRE version: OpenJDK Runtime Environment (11.0.10) (build 11.0.10+0-b96-7249189)
# Java VM: OpenJDK 64-Bit Server VM (11.0.10+0-b96-7249189, mixed mode, tiered, compressed oops, g1 gc, windows-amd64)
Heap:
 garbage-first heap   total 227328K, used 146726K [0x0000000080000000, 0x0000000100000000)
  region size 1024K, 34 young (34816K), 8 survivors (8192K)
 Metaspace       used 117652K, capacity 120509K, committed 120812K, reserved 1155072K
  class space    used 14287K, capacity 15332K, committed 15436K, reserved 1048576K
GC Heap History (20 events):
Event: 4295.467 GC heap before
{Heap before GC invocations=40 (full 0):
 garbage-first heap   total 227328K, used 177474K [0x0000000080000000, 0x0000000100000000)
  region size 1024K, 52 young (53248K), 5 survivors (5120K)
 Metaspace       used 101754K, capacity 104186K, committed 104300K, reserved 1140736K
  class space    used 12637K, capacity 13489K, committed 13516K, reserved 1048576K
}
Event: 4295.486 GC heap after
{Heap after GC invocations=41 (full 0):
 garbage-first heap   total 227328K, used 119172K [0x0000000080000000, 0x0000000100000000)
  region size 1024K, 5 young (5120K), 5 survivors (5120K)
 Metaspace       used 101754K, capacity 104186K, committed 104300K, reserved 1140736K
  class space    used 12637K, capacity 13489K, committed 13516K, reserved 1048576K
}
Event: 4303.836 GC heap before
{Heap before GC invocations=41 (full 0):
 garbage-first heap   total 227328K, used 124292K [0x0000000080000000, 0x0000000100000000)
  region size 1024K, 11 young (11264K), 5 survivors (5120K)
 Metaspace       used 102568K, capacity 105000K, committed 105196K, reserved 1140736K
  class space    used 12736K, capacity 13572K, committed 13644K, reserved 1048576K
}
Event: 4303.868 GC heap after
{Heap after GC invocations=42 (full 0):
 garbage-first heap   total 227328K, used 112640K [0x0000000080000000, 0x0000000100000000)
  region size 1024K, 1 young (1024K), 1 survivors (1024K)
 Metaspace       used 102568K, capacity 105000K, committed 105196K, reserved 1140736K
  class space    used 12736K, capacity 13572K, committed 13644K, reserved 1048576K
}
Event: 4307.046 GC heap before
{Heap before GC invocations=42 (full 0):
 garbage-first heap   total 227328K, used 164864K [0x0000000080000000, 0x0000000100000000)
  region size 1024K, 53 young (54272K), 1 survivors (1024K)
 Metaspace       used 103110K, capacity 105514K, committed 105836K, reserved 1140736K
  class space    used 12780K, capacity 13636K, committed 13772K, reserved 1048576K
}
Event: 4307.147 GC heap after
{Heap after GC invocations=43 (full 0):
 garbage-first heap   total 227328K, used 119681K [0x0000000080000000, 0x0000000100000000)
  region size 1024K, 7 young (7168K), 7 survivors (7168K)
 Metaspace       used 103110K, capacity 105514K, committed 105836K, reserved 1140736K
  class space    used 12780K, capacity 13636K, committed 13772K, reserved 1048576K
}
Event: 4314.362 GC heap before
{Heap before GC invocations=44 (full 0):
 garbage-first heap   total 227328K, used 159617K [0x0000000080000000, 0x0000000100000000)
  region size 1024K, 57 young (58368K), 7 survivors (7168K)
 Metaspace       used 104707K, capacity 107213K, committed 107500K, reserved 1142784K
  class space    used 12974K, capacity 13858K, committed 13900K, reserved 1048576K
}
Event: 4314.382 GC heap after
{Heap after GC invocations=45 (full 0):
 garbage-first heap   total 227328K, used 110800K [0x0000000080000000, 0x0000000100000000)
  region size 1024K, 5 young (5120K), 5 survivors (5120K)
 Metaspace       used 104707K, capacity 107213K, committed 107500K, reserved 1142784K
  class space    used 12974K, capacity 13858K, committed 13900K, reserved 1048576K
}
Event: 4314.656 GC heap before
{Heap before GC invocations=45 (full 0):
 garbage-first heap   total 227328K, used 116944K [0x0000000080000000, 0x0000000100000000)
  region size 1024K, 11 young (11264K), 5 survivors (5120K)
 Metaspace       used 105676K, capacity 108277K, committed 108524K, reserved 1144832K
  class space    used 13140K, capacity 14074K, committed 14156K, reserved 1048576K
}
Event: 4314.697 GC heap after
{Heap after GC invocations=46 (full 0):
 garbage-first heap   total 227328K, used 103424K [0x0000000080000000, 0x0000000100000000)
  region size 1024K, 1 young (1024K), 1 survivors (1024K)
 Metaspace       used 105676K, capacity 108277K, committed 108524K, reserved 1144832K
  class space    used 13140K, capacity 14074K, committed 14156K, reserved 1048576K
}
Event: 4329.595 GC heap before
{Heap before GC invocations=46 (full 0):
 garbage-first heap   total 227328K, used 155648K [0x0000000080000000, 0x0000000100000000)
  region size 1024K, 54 young (55296K), 1 survivors (1024K)
 Metaspace       used 106568K, capacity 109220K, committed 109420K, reserved 1144832K
  class space    used 13215K, capacity 14184K, committed 14284K, reserved 1048576K
}
Event: 4329.605 GC heap after
{Heap after GC invocations=47 (full 0):
 garbage-first heap   total 227328K, used 104019K [0x0000000080000000, 0x0000000100000000)
  region size 1024K, 2 young (2048K), 2 survivors (2048K)
 Metaspace       used 106568K, capacity 109220K, committed 109420K, reserved 1144832K
  class space    used 13215K, capacity 14184K, committed 14284K, reserved 1048576K
}
Event: 4331.365 GC heap before
{Heap before GC invocations=48 (full 0):
 garbage-first heap   total 227328K, used 174675K [0x0000000080000000, 0x0000000100000000)
  region size 1024K, 62 young (63488K), 2 survivors (2048K)
 Metaspace       used 114634K, capacity 117386K, committed 117484K, reserved 1150976K
  class space    used 14076K, capacity 15108K, committed 15180K, reserved 1048576K
}
Event: 4331.374 GC heap after
{Heap after GC invocations=49 (full 0):
 garbage-first heap   total 227328K, used 111155K [0x0000000080000000, 0x0000000100000000)
  region size 1024K, 6 young (6144K), 6 survivors (6144K)
 Metaspace       used 114634K, capacity 117386K, committed 117484K, reserved 1150976K
  class space    used 14076K, capacity 15108K, committed 15180K, reserved 1048576K
}
Event: 4331.639 GC heap before
{Heap before GC invocations=49 (full 0):
 garbage-first heap   total 227328K, used 115251K [0x0000000080000000, 0x0000000100000000)
  region size 1024K, 11 young (11264K), 6 survivors (6144K)
 Metaspace       used 114741K, capacity 117517K, committed 117740K, reserved 1153024K
  class space    used 14080K, capacity 15109K, committed 15180K, reserved 1048576K
}
Event: 4331.667 GC heap after
{Heap after GC invocations=50 (full 0):
 garbage-first heap   total 227328K, used 110295K [0x0000000080000000, 0x0000000100000000)
  region size 1024K, 2 young (2048K), 2 survivors (2048K)
 Metaspace       used 114741K, capacity 117517K, committed 117740K, reserved 1153024K
  class space    used 14080K, capacity 15109K, committed 15180K, reserved 1048576K
}
Event: 4332.408 GC heap before
{Heap before GC invocations=50 (full 0):
 garbage-first heap   total 227328K, used 116439K [0x0000000080000000, 0x0000000100000000)
  region size 1024K, 9 young (9216K), 2 survivors (2048K)
 Metaspace       used 114760K, capacity 117517K, committed 117740K, reserved 1153024K
  class space    used 14080K, capacity 15109K, committed 15180K, reserved 1048576K
}
Event: 4332.417 GC heap after
{Heap after GC invocations=51 (full 0):
 garbage-first heap   total 227328K, used 111799K [0x0000000080000000, 0x0000000100000000)
  region size 1024K, 3 young (3072K), 3 survivors (3072K)
 Metaspace       used 114760K, capacity 117517K, committed 117740K, reserved 1153024K
  class space    used 14080K, capacity 15109K, committed 15180K, reserved 1048576K
}
Event: 4332.992 GC heap before
{Heap before GC invocations=52 (full 0):
 garbage-first heap   total 227328K, used 136375K [0x0000000080000000, 0x0000000100000000)
  region size 1024K, 26 young (26624K), 3 survivors (3072K)
 Metaspace       used 116446K, capacity 119193K, committed 119404K, reserved 1153024K
  class space    used 14235K, capacity 15261K, committed 15308K, reserved 1048576K
}
Event: 4333.003 GC heap after
{Heap after GC invocations=53 (full 0):
 garbage-first heap   total 227328K, used 119078K [0x0000000080000000, 0x0000000100000000)
  region size 1024K, 8 young (8192K), 8 survivors (8192K)
 Metaspace       used 116446K, capacity 119193K, committed 119404K, reserved 1153024K
  class space    used 14235K, capacity 15261K, committed 15308K, reserved 1048576K
}

